0 info it worked if it ends with ok
1 verbose cli [ 'C:\\Program Files\\nodejs\\node.exe',
1 verbose cli   'C:\\Program Files\\nodejs\\node_modules\\npm\\bin\\npm-cli.js',
1 verbose cli   'start' ]
2 info using npm@3.6.0
3 info using node@v5.6.0
4 verbose run-script [ 'prestart', 'start', 'poststart' ]
5 info lifecycle the-josh-derocher@1.0.0~prestart: the-josh-derocher@1.0.0
6 verbose lifecycle the-josh-derocher@1.0.0~prestart: unsafe-perm in lifecycle true
7 verbose lifecycle the-josh-derocher@1.0.0~prestart: PATH: C:\Program Files\nodejs\node_modules\npm\bin\node-gyp-bin;C:\Users\jderocher\Dev\The-Josh-Derocher\node_modules\.bin;C:\Users\jderocher\AppData\Roaming\npm;C:\Program Files\nodejs\;C:\Users\jderocher\Documents\Dev\apache-maven-3.3.9\bin;C:\Program Files (x86)\Heroku\bin;C:\Program Files (x86)\git\cmd;C:\Ruby22-x64\bin;C:\Users\jderocher\AppData\Roaming\npm;C:\Program Files\Docker Toolbox
8 verbose lifecycle the-josh-derocher@1.0.0~prestart: CWD: C:\Users\jderocher\Dev\The-Josh-Derocher
9 silly lifecycle the-josh-derocher@1.0.0~prestart: Args: [ '/d /s /c', 'bower install' ]
10 silly lifecycle the-josh-derocher@1.0.0~prestart: Returned: code: 0  signal: null
11 info lifecycle the-josh-derocher@1.0.0~start: the-josh-derocher@1.0.0
12 verbose lifecycle the-josh-derocher@1.0.0~start: unsafe-perm in lifecycle true
13 verbose lifecycle the-josh-derocher@1.0.0~start: PATH: C:\Program Files\nodejs\node_modules\npm\bin\node-gyp-bin;C:\Users\jderocher\Dev\The-Josh-Derocher\node_modules\.bin;C:\Users\jderocher\AppData\Roaming\npm;C:\Program Files\nodejs\;C:\Users\jderocher\Documents\Dev\apache-maven-3.3.9\bin;C:\Program Files (x86)\Heroku\bin;C:\Program Files (x86)\git\cmd;C:\Ruby22-x64\bin;C:\Users\jderocher\AppData\Roaming\npm;C:\Program Files\Docker Toolbox
14 verbose lifecycle the-josh-derocher@1.0.0~start: CWD: C:\Users\jderocher\Dev\The-Josh-Derocher
15 silly lifecycle the-josh-derocher@1.0.0~start: Args: [ '/d /s /c', 'node thejoshderocher.js' ]
16 silly lifecycle the-josh-derocher@1.0.0~start: Returned: code: 1  signal: null
17 info lifecycle the-josh-derocher@1.0.0~start: Failed to exec start script
18 verbose stack Error: the-josh-derocher@1.0.0 start: `node thejoshderocher.js`
18 verbose stack Exit status 1
18 verbose stack     at EventEmitter.<anonymous> (C:\Program Files\nodejs\node_modules\npm\lib\utils\lifecycle.js:232:16)
18 verbose stack     at emitTwo (events.js:100:13)
18 verbose stack     at EventEmitter.emit (events.js:185:7)
18 verbose stack     at ChildProcess.<anonymous> (C:\Program Files\nodejs\node_modules\npm\lib\utils\spawn.js:24:14)
18 verbose stack     at emitTwo (events.js:100:13)
18 verbose stack     at ChildProcess.emit (events.js:185:7)
18 verbose stack     at maybeClose (internal/child_process.js:827:16)
18 verbose stack     at Process.ChildProcess._handle.onexit (internal/child_process.js:211:5)
19 verbose pkgid the-josh-derocher@1.0.0
20 verbose cwd C:\Users\jderocher\Dev\The-Josh-Derocher
21 error Windows_NT 6.1.7601
22 error argv "C:\\Program Files\\nodejs\\node.exe" "C:\\Program Files\\nodejs\\node_modules\\npm\\bin\\npm-cli.js" "start"
23 error node v5.6.0
24 error npm  v3.6.0
25 error code ELIFECYCLE
26 error the-josh-derocher@1.0.0 start: `node thejoshderocher.js`
26 error Exit status 1
27 error Failed at the the-josh-derocher@1.0.0 start script 'node thejoshderocher.js'.
27 error Make sure you have the latest version of node.js and npm installed.
27 error If you do, this is most likely a problem with the the-josh-derocher package,
27 error not with npm itself.
27 error Tell the author that this fails on your system:
27 error     node thejoshderocher.js
27 error You can get information on how to open an issue for this project with:
27 error     npm bugs the-josh-derocher
27 error Or if that isn't available, you can get their info via:
27 error     npm owner ls the-josh-derocher
27 error There is likely additional logging output above.
28 verbose exit [ 1, true ]
